<?xml version="1.0" encoding="UTF-8"?>
<testsuite name="by.exam.prep.service.QuestionServiceTest" tests="3" skipped="0" failures="0" errors="0" timestamp="2026-04-30T10:20:01" hostname="cursor" time="0.104">
  <properties/>
  <testcase name="Should get question by id" classname="by.exam.prep.service.QuestionServiceTest" time="0.099"/>
  <testcase name="Should create question successfully" classname="by.exam.prep.service.QuestionServiceTest" time="0.002"/>
  <testcase name="Should throw ResourceNotFoundException when question not found" classname="by.exam.prep.service.QuestionServiceTest" time="0.002"/>
  <system-out><![CDATA[]]></system-out>
  <system-err><![CDATA[]]></system-err>
</testsuite>
