<?xml version="1.0" encoding="UTF-8"?>
<testsuite name="by.exam.prep.controller.AuthControllerIntegrationTest" tests="4" skipped="0" failures="0" errors="0" timestamp="2026-04-30T10:07:45" hostname="cursor" time="0.855">
  <properties/>
  <testcase name="Should register user and return tokens" classname="by.exam.prep.controller.AuthControllerIntegrationTest" time="0.685"/>
  <testcase name="Should return 400 for invalid registration data" classname="by.exam.prep.controller.AuthControllerIntegrationTest" time="0.012"/>
  <testcase name="Should login with valid credentials after registration" classname="by.exam.prep.controller.AuthControllerIntegrationTest" time="0.147"/>
  <testcase name="Should return 401 for invalid login" classname="by.exam.prep.controller.AuthControllerIntegrationTest" time="0.008"/>
  <system-out><![CDATA[10:07:41.131 [Test worker] INFO org.springframework.test.context.support.AnnotationConfigContextLoaderUtils -- Could not detect default configuration classes for test class [by.exam.prep.controller.AuthControllerIntegrationTest]: AuthControllerIntegrationTest does not declare any static, non-private, non-final, nested classes annotated with @Configuration.
10:07:41.206 [Test worker] INFO org.springframework.boot.test.context.SpringBootTestContextBootstrapper -- Found @SpringBootConfiguration by.exam.prep.ExamPrepApplication for test class by.exam.prep.controller.AuthControllerIntegrationTest

  .   ____          _            __ _ _
 /\\ / ___'_ __ _ _(_)_ __  __ _ \ \ \ \
( ( )\___ | '_ | '_| | '_ \/ _` | \ \ \ \
 \\/  ___)| |_)| | | | | || (_| |  ) ) ) )
  '  |____| .__|_| |_|_| |_\__, | / / / /
 =========|_|==============|___/=/_/_/_/
 :: Spring Boot ::                (v3.2.5)

2026-04-30T10:07:42.905Z  WARN 14995 --- [    Test worker] org.hibernate.orm.deprecation            : HHH90000025: H2Dialect does not need to be specified explicitly using 'hibernate.dialect' (remove the property setting and it will be selected by default)
Hibernate: drop table if exists answers cascade 
Hibernate: drop table if exists questions cascade 
Hibernate: drop table if exists study_materials cascade 
Hibernate: drop table if exists subjects cascade 
Hibernate: drop table if exists test_attempts cascade 
Hibernate: drop table if exists test_questions cascade 
Hibernate: drop table if exists tests cascade 
Hibernate: drop table if exists topics cascade 
Hibernate: drop table if exists user_answers cascade 
Hibernate: drop table if exists users cascade 
Hibernate: drop table if exists weakness_records cascade 
Hibernate: create table answers (is_correct boolean not null, order_index integer, id bigint generated by default as identity, question_id bigint not null, text TEXT not null, primary key (id))
Hibernate: create table questions (points integer not null, id bigint generated by default as identity, topic_id bigint not null, difficulty varchar(20) not null check (difficulty in ('EASY','MEDIUM','HARD')), question_type varchar(30) not null check (question_type in ('SINGLE_CHOICE','MULTIPLE_CHOICE','TRUE_FALSE','TEXT_INPUT','MATCHING')), image_url varchar(500), explanation varchar(1000), text TEXT not null, primary key (id))
Hibernate: create table study_materials (order_index integer, created_at timestamp(6), created_by bigint, id bigint generated by default as identity, topic_id bigint not null, material_type varchar(30) not null check (material_type in ('THEORY','FORMULA','EXAMPLE','VIDEO_LINK','ARTICLE')), title varchar(200) not null, external_url varchar(500), content TEXT, primary key (id))
Hibernate: create table subjects (id bigint generated by default as identity, name varchar(100) not null unique, description varchar(500), icon_url varchar(500), primary key (id))
Hibernate: create table test_attempts (max_score float(53), percentage float(53), score float(53), time_spent_seconds integer, completed_at timestamp(6), id bigint generated by default as identity, started_at timestamp(6), test_id bigint not null, user_id bigint not null, status varchar(20) not null check (status in ('IN_PROGRESS','COMPLETED','ABANDONED')), primary key (id))
Hibernate: create table test_questions (question_id bigint not null, test_id bigint not null)
Hibernate: create table tests (is_adaptive boolean not null, question_count integer, time_limit_minutes integer, created_at timestamp(6), created_by bigint, id bigint generated by default as identity, subject_id bigint not null, test_type varchar(30) not null check (test_type in ('PRACTICE','EXAM_SIMULATION','ADAPTIVE','TOPIC_REVIEW')), title varchar(200) not null, description varchar(1000), primary key (id))
Hibernate: create table topics (order_index integer, id bigint generated by default as identity, parent_topic_id bigint, subject_id bigint not null, name varchar(200) not null, description varchar(1000), primary key (id))
Hibernate: create table user_answers (is_correct boolean, time_spent_seconds integer, id bigint generated by default as identity, question_id bigint not null, selected_answer_id bigint, test_attempt_id bigint not null, text_answer TEXT, primary key (id))
Hibernate: create table users (enabled boolean not null, created_at timestamp(6), id bigint generated by default as identity, updated_at timestamp(6), provider varchar(20) not null check (provider in ('LOCAL','GITHUB','GOOGLE')), role varchar(20) not null check (role in ('STUDENT','TEACHER','ADMIN')), first_name varchar(50) not null, last_name varchar(50) not null, email varchar(100) not null unique, provider_id varchar(100), avatar_url varchar(500), password varchar(255), primary key (id))
Hibernate: create table weakness_records (accuracy_rate float(53), correct_attempts integer not null, total_attempts integer not null, id bigint generated by default as identity, last_practiced_at timestamp(6), topic_id bigint not null, user_id bigint not null, weakness_level varchar(20) not null check (weakness_level in ('UNKNOWN','STRONG','MODERATE','WEAK','CRITICAL')), primary key (id), unique (user_id, topic_id))
Hibernate: alter table if exists answers add constraint FK3erw1a3t0r78st8ty27x6v3g1 foreign key (question_id) references questions
Hibernate: alter table if exists questions add constraint FKdb5p6ukb0v76he4pq87cbymhg foreign key (topic_id) references topics
Hibernate: alter table if exists study_materials add constraint FKof5gkpl50dq60c1uxtclithwy foreign key (created_by) references users
Hibernate: alter table if exists study_materials add constraint FKobf9kv8sfhrp0tpod8jm2k8x9 foreign key (topic_id) references topics
Hibernate: alter table if exists test_attempts add constraint FK8r0op7uedexgh28uyea7i6des foreign key (test_id) references tests
Hibernate: alter table if exists test_attempts add constraint FK6q32269iwnavc4q6o46lwyu3u foreign key (user_id) references users
Hibernate: alter table if exists test_questions add constraint FKk171b2q5ikck3f9yk4n9lbyvw foreign key (question_id) references questions
Hibernate: alter table if exists test_questions add constraint FKq1jpgjcbjbulxvhdkctcxhg12 foreign key (test_id) references tests
Hibernate: alter table if exists tests add constraint FK1oy80cdks1pyyw0sid32mc0o foreign key (created_by) references users
Hibernate: alter table if exists tests add constraint FKmf4m9xyitnw6v5a76pq3qhtpq foreign key (subject_id) references subjects
Hibernate: alter table if exists topics add constraint FKpd5mo30erv4abuyhk94iatmcx foreign key (parent_topic_id) references topics
Hibernate: alter table if exists topics add constraint FK957k7bkcrurt9uen2242medmq foreign key (subject_id) references subjects
Hibernate: alter table if exists user_answers add constraint FK6b46l4bb7a6wfxvmn6l7ig8vo foreign key (question_id) references questions
Hibernate: alter table if exists user_answers add constraint FKmq4q5l9fnfrmx1l6ols0pp3yh foreign key (selected_answer_id) references answers
Hibernate: alter table if exists user_answers add constraint FKgm98g1kxukwkdb6g5573ldn21 foreign key (test_attempt_id) references test_attempts
Hibernate: alter table if exists weakness_records add constraint FK8fhkm8q7m7143akhhcpaf9ma5 foreign key (topic_id) references topics
Hibernate: alter table if exists weakness_records add constraint FK3sh4o7f0u4raexbhkk7dqn5l foreign key (user_id) references users
2026-04-30T10:07:44.472Z  WARN 14995 --- [    Test worker] JpaBaseConfiguration$JpaWebConfiguration : spring.jpa.open-in-view is enabled by default. Therefore, database queries may be performed during view rendering. Explicitly configure spring.jpa.open-in-view to disable this warning
2026-04-30T10:07:44.492Z TRACE 14995 --- [    Test worker] eGlobalAuthenticationAutowiredConfigurer : Eagerly initializing {securityConfig=by.exam.prep.config.SecurityConfig$$SpringCGLIB$$0@d436e51}
2026-04-30T10:07:44.493Z DEBUG 14995 --- [    Test worker] swordEncoderAuthenticationManagerBuilder : No authenticationProviders and no parentAuthenticationManager defined. Returning null.
2026-04-30T10:07:44.925Z  INFO 14995 --- [    Test worker] o.s.s.web.DefaultSecurityFilterChain     : Will secure any request with [org.springframework.security.web.session.DisableEncodeUrlFilter@1d021496, org.springframework.security.web.context.request.async.WebAsyncManagerIntegrationFilter@1dfdddfa, org.springframework.security.web.context.SecurityContextHolderFilter@5f0669d9, org.springframework.security.web.header.HeaderWriterFilter@6e1ece3d, org.springframework.web.filter.CorsFilter@3335713, org.springframework.security.web.authentication.logout.LogoutFilter@56fe2233, by.exam.prep.security.JwtAuthenticationFilter@34dc40d5, org.springframework.security.web.savedrequest.RequestCacheAwareFilter@2da2bc89, org.springframework.security.web.servletapi.SecurityContextHolderAwareRequestFilter@375c6b98, org.springframework.security.web.authentication.AnonymousAuthenticationFilter@3f6b01b, org.springframework.security.web.session.SessionManagementFilter@153740c7, org.springframework.security.web.access.ExceptionTranslationFilter@31e8949d, org.springframework.security.web.access.intercept.AuthorizationFilter@7f8b9fa7]
2026-04-30T10:07:45.798Z TRACE 14995 --- [    Test worker] o.s.security.web.FilterChainProxy        : Trying to match request against DefaultSecurityFilterChain [RequestMatcher=any request, Filters=[org.springframework.security.web.session.DisableEncodeUrlFilter@1d021496, org.springframework.security.web.context.request.async.WebAsyncManagerIntegrationFilter@1dfdddfa, org.springframework.security.web.context.SecurityContextHolderFilter@5f0669d9, org.springframework.security.web.header.HeaderWriterFilter@6e1ece3d, org.springframework.web.filter.CorsFilter@3335713, org.springframework.security.web.authentication.logout.LogoutFilter@56fe2233, by.exam.prep.security.JwtAuthenticationFilter@34dc40d5, org.springframework.security.web.savedrequest.RequestCacheAwareFilter@2da2bc89, org.springframework.security.web.servletapi.SecurityContextHolderAwareRequestFilter@375c6b98, org.springframework.security.web.authentication.AnonymousAuthenticationFilter@3f6b01b, org.springframework.security.web.session.SessionManagementFilter@153740c7, org.springframework.security.web.access.ExceptionTranslationFilter@31e8949d, org.springframework.security.web.access.intercept.AuthorizationFilter@7f8b9fa7]] (1/1)
2026-04-30T10:07:45.798Z DEBUG 14995 --- [    Test worker] o.s.security.web.FilterChainProxy        : Securing POST /api/v1/auth/register
2026-04-30T10:07:45.800Z TRACE 14995 --- [    Test worker] o.s.security.web.FilterChainProxy        : Invoking DisableEncodeUrlFilter (1/13)
2026-04-30T10:07:45.801Z TRACE 14995 --- [    Test worker] o.s.security.web.FilterChainProxy        : Invoking WebAsyncManagerIntegrationFilter (2/13)
2026-04-30T10:07:45.802Z TRACE 14995 --- [    Test worker] o.s.security.web.FilterChainProxy        : Invoking SecurityContextHolderFilter (3/13)
2026-04-30T10:07:45.803Z TRACE 14995 --- [    Test worker] o.s.security.web.FilterChainProxy        : Invoking HeaderWriterFilter (4/13)
2026-04-30T10:07:45.804Z TRACE 14995 --- [    Test worker] o.s.security.web.FilterChainProxy        : Invoking CorsFilter (5/13)
2026-04-30T10:07:45.804Z TRACE 14995 --- [    Test worker] o.s.security.web.FilterChainProxy        : Invoking LogoutFilter (6/13)
2026-04-30T10:07:45.804Z TRACE 14995 --- [    Test worker] o.s.s.w.a.logout.LogoutFilter            : Did not match request to Or [Ant [pattern='/logout', GET], Ant [pattern='/logout', POST], Ant [pattern='/logout', PUT], Ant [pattern='/logout', DELETE]]
2026-04-30T10:07:45.805Z TRACE 14995 --- [    Test worker] o.s.security.web.FilterChainProxy        : Invoking JwtAuthenticationFilter (7/13)
2026-04-30T10:07:45.805Z TRACE 14995 --- [    Test worker] o.s.security.web.FilterChainProxy        : Invoking RequestCacheAwareFilter (8/13)
2026-04-30T10:07:45.805Z TRACE 14995 --- [    Test worker] o.s.security.web.FilterChainProxy        : Invoking SecurityContextHolderAwareRequestFilter (9/13)
2026-04-30T10:07:45.806Z TRACE 14995 --- [    Test worker] o.s.security.web.FilterChainProxy        : Invoking AnonymousAuthenticationFilter (10/13)
2026-04-30T10:07:45.806Z TRACE 14995 --- [    Test worker] o.s.security.web.FilterChainProxy        : Invoking SessionManagementFilter (11/13)
2026-04-30T10:07:45.806Z TRACE 14995 --- [    Test worker] .s.s.w.c.SupplierDeferredSecurityContext : Created SecurityContextImpl [Null authentication]
2026-04-30T10:07:45.807Z TRACE 14995 --- [    Test worker] o.s.s.w.a.AnonymousAuthenticationFilter  : Set SecurityContextHolder to AnonymousAuthenticationToken [Principal=anonymousUser, Credentials=[PROTECTED], Authenticated=true, Details=WebAuthenticationDetails [RemoteIpAddress=127.0.0.1, SessionId=null], Granted Authorities=[ROLE_ANONYMOUS]]
2026-04-30T10:07:45.807Z TRACE 14995 --- [    Test worker] o.s.security.web.FilterChainProxy        : Invoking ExceptionTranslationFilter (12/13)
2026-04-30T10:07:45.807Z TRACE 14995 --- [    Test worker] o.s.security.web.FilterChainProxy        : Invoking AuthorizationFilter (13/13)
2026-04-30T10:07:45.808Z TRACE 14995 --- [    Test worker] estMatcherDelegatingAuthorizationManager : Authorizing SecurityContextHolderAwareRequestWrapper[ org.springframework.security.web.header.HeaderWriterFilter$HeaderWriterRequest@209aefd1]
2026-04-30T10:07:45.808Z TRACE 14995 --- [    Test worker] estMatcherDelegatingAuthorizationManager : Checking authorization on SecurityContextHolderAwareRequestWrapper[ org.springframework.security.web.header.HeaderWriterFilter$HeaderWriterRequest@209aefd1] using org.springframework.security.config.annotation.web.configurers.AuthorizeHttpRequestsConfigurer$$Lambda/0x00007fc290bdec68@70a8c26e
2026-04-30T10:07:45.810Z DEBUG 14995 --- [    Test worker] o.s.security.web.FilterChainProxy        : Secured POST /api/v1/auth/register
Hibernate: select u1_0.id from users u1_0 where u1_0.email=? fetch first ? rows only
Hibernate: insert into users (avatar_url,created_at,email,enabled,first_name,last_name,password,provider,provider_id,role,updated_at,id) values (?,?,?,?,?,?,?,?,?,?,?,default)
2026-04-30T10:07:46.057Z TRACE 14995 --- [    Test worker] o.s.s.w.header.writers.HstsHeaderWriter  : Not injecting HSTS header since it did not match request to [Is Secure]
2026-04-30T10:07:46.083Z TRACE 14995 --- [    Test worker] o.s.security.web.FilterChainProxy        : Trying to match request against DefaultSecurityFilterChain [RequestMatcher=any request, Filters=[org.springframework.security.web.session.DisableEncodeUrlFilter@1d021496, org.springframework.security.web.context.request.async.WebAsyncManagerIntegrationFilter@1dfdddfa, org.springframework.security.web.context.SecurityContextHolderFilter@5f0669d9, org.springframework.security.web.header.HeaderWriterFilter@6e1ece3d, org.springframework.web.filter.CorsFilter@3335713, org.springframework.security.web.authentication.logout.LogoutFilter@56fe2233, by.exam.prep.security.JwtAuthenticationFilter@34dc40d5, org.springframework.security.web.savedrequest.RequestCacheAwareFilter@2da2bc89, org.springframework.security.web.servletapi.SecurityContextHolderAwareRequestFilter@375c6b98, org.springframework.security.web.authentication.AnonymousAuthenticationFilter@3f6b01b, org.springframework.security.web.session.SessionManagementFilter@153740c7, org.springframework.security.web.access.ExceptionTranslationFilter@31e8949d, org.springframework.security.web.access.intercept.AuthorizationFilter@7f8b9fa7]] (1/1)
2026-04-30T10:07:46.083Z DEBUG 14995 --- [    Test worker] o.s.security.web.FilterChainProxy        : Securing POST /api/v1/auth/register
2026-04-30T10:07:46.083Z TRACE 14995 --- [    Test worker] o.s.security.web.FilterChainProxy        : Invoking DisableEncodeUrlFilter (1/13)
2026-04-30T10:07:46.084Z TRACE 14995 --- [    Test worker] o.s.security.web.FilterChainProxy        : Invoking WebAsyncManagerIntegrationFilter (2/13)
2026-04-30T10:07:46.084Z TRACE 14995 --- [    Test worker] o.s.security.web.FilterChainProxy        : Invoking SecurityContextHolderFilter (3/13)
2026-04-30T10:07:46.084Z TRACE 14995 --- [    Test worker] o.s.security.web.FilterChainProxy        : Invoking HeaderWriterFilter (4/13)
2026-04-30T10:07:46.084Z TRACE 14995 --- [    Test worker] o.s.security.web.FilterChainProxy        : Invoking CorsFilter (5/13)
2026-04-30T10:07:46.084Z TRACE 14995 --- [    Test worker] o.s.security.web.FilterChainProxy        : Invoking LogoutFilter (6/13)
2026-04-30T10:07:46.084Z TRACE 14995 --- [    Test worker] o.s.s.w.a.logout.LogoutFilter            : Did not match request to Or [Ant [pattern='/logout', GET], Ant [pattern='/logout', POST], Ant [pattern='/logout', PUT], Ant [pattern='/logout', DELETE]]
2026-04-30T10:07:46.084Z TRACE 14995 --- [    Test worker] o.s.security.web.FilterChainProxy        : Invoking JwtAuthenticationFilter (7/13)
2026-04-30T10:07:46.084Z TRACE 14995 --- [    Test worker] o.s.security.web.FilterChainProxy        : Invoking RequestCacheAwareFilter (8/13)
2026-04-30T10:07:46.084Z TRACE 14995 --- [    Test worker] o.s.security.web.FilterChainProxy        : Invoking SecurityContextHolderAwareRequestFilter (9/13)
2026-04-30T10:07:46.084Z TRACE 14995 --- [    Test worker] o.s.security.web.FilterChainProxy        : Invoking AnonymousAuthenticationFilter (10/13)
2026-04-30T10:07:46.084Z TRACE 14995 --- [    Test worker] o.s.security.web.FilterChainProxy        : Invoking SessionManagementFilter (11/13)
2026-04-30T10:07:46.085Z TRACE 14995 --- [    Test worker] .s.s.w.c.SupplierDeferredSecurityContext : Created SecurityContextImpl [Null authentication]
2026-04-30T10:07:46.085Z TRACE 14995 --- [    Test worker] o.s.s.w.a.AnonymousAuthenticationFilter  : Set SecurityContextHolder to AnonymousAuthenticationToken [Principal=anonymousUser, Credentials=[PROTECTED], Authenticated=true, Details=WebAuthenticationDetails [RemoteIpAddress=127.0.0.1, SessionId=null], Granted Authorities=[ROLE_ANONYMOUS]]
2026-04-30T10:07:46.085Z TRACE 14995 --- [    Test worker] o.s.security.web.FilterChainProxy        : Invoking ExceptionTranslationFilter (12/13)
2026-04-30T10:07:46.085Z TRACE 14995 --- [    Test worker] o.s.security.web.FilterChainProxy        : Invoking AuthorizationFilter (13/13)
2026-04-30T10:07:46.085Z TRACE 14995 --- [    Test worker] estMatcherDelegatingAuthorizationManager : Authorizing SecurityContextHolderAwareRequestWrapper[ org.springframework.security.web.header.HeaderWriterFilter$HeaderWriterRequest@4704ad3f]
2026-04-30T10:07:46.085Z TRACE 14995 --- [    Test worker] estMatcherDelegatingAuthorizationManager : Checking authorization on SecurityContextHolderAwareRequestWrapper[ org.springframework.security.web.header.HeaderWriterFilter$HeaderWriterRequest@4704ad3f] using org.springframework.security.config.annotation.web.configurers.AuthorizeHttpRequestsConfigurer$$Lambda/0x00007fc290bdec68@70a8c26e
2026-04-30T10:07:46.085Z DEBUG 14995 --- [    Test worker] o.s.security.web.FilterChainProxy        : Secured POST /api/v1/auth/register
2026-04-30T10:07:46.092Z TRACE 14995 --- [    Test worker] o.s.s.w.header.writers.HstsHeaderWriter  : Not injecting HSTS header since it did not match request to [Is Secure]
2026-04-30T10:07:46.096Z TRACE 14995 --- [    Test worker] o.s.security.web.FilterChainProxy        : Trying to match request against DefaultSecurityFilterChain [RequestMatcher=any request, Filters=[org.springframework.security.web.session.DisableEncodeUrlFilter@1d021496, org.springframework.security.web.context.request.async.WebAsyncManagerIntegrationFilter@1dfdddfa, org.springframework.security.web.context.SecurityContextHolderFilter@5f0669d9, org.springframework.security.web.header.HeaderWriterFilter@6e1ece3d, org.springframework.web.filter.CorsFilter@3335713, org.springframework.security.web.authentication.logout.LogoutFilter@56fe2233, by.exam.prep.security.JwtAuthenticationFilter@34dc40d5, org.springframework.security.web.savedrequest.RequestCacheAwareFilter@2da2bc89, org.springframework.security.web.servletapi.SecurityContextHolderAwareRequestFilter@375c6b98, org.springframework.security.web.authentication.AnonymousAuthenticationFilter@3f6b01b, org.springframework.security.web.session.SessionManagementFilter@153740c7, org.springframework.security.web.access.ExceptionTranslationFilter@31e8949d, org.springframework.security.web.access.intercept.AuthorizationFilter@7f8b9fa7]] (1/1)
2026-04-30T10:07:46.096Z DEBUG 14995 --- [    Test worker] o.s.security.web.FilterChainProxy        : Securing POST /api/v1/auth/register
2026-04-30T10:07:46.096Z TRACE 14995 --- [    Test worker] o.s.security.web.FilterChainProxy        : Invoking DisableEncodeUrlFilter (1/13)
2026-04-30T10:07:46.097Z TRACE 14995 --- [    Test worker] o.s.security.web.FilterChainProxy        : Invoking WebAsyncManagerIntegrationFilter (2/13)
2026-04-30T10:07:46.097Z TRACE 14995 --- [    Test worker] o.s.security.web.FilterChainProxy        : Invoking SecurityContextHolderFilter (3/13)
2026-04-30T10:07:46.097Z TRACE 14995 --- [    Test worker] o.s.security.web.FilterChainProxy        : Invoking HeaderWriterFilter (4/13)
2026-04-30T10:07:46.097Z TRACE 14995 --- [    Test worker] o.s.security.web.FilterChainProxy        : Invoking CorsFilter (5/13)
2026-04-30T10:07:46.097Z TRACE 14995 --- [    Test worker] o.s.security.web.FilterChainProxy        : Invoking LogoutFilter (6/13)
2026-04-30T10:07:46.097Z TRACE 14995 --- [    Test worker] o.s.s.w.a.logout.LogoutFilter            : Did not match request to Or [Ant [pattern='/logout', GET], Ant [pattern='/logout', POST], Ant [pattern='/logout', PUT], Ant [pattern='/logout', DELETE]]
2026-04-30T10:07:46.097Z TRACE 14995 --- [    Test worker] o.s.security.web.FilterChainProxy        : Invoking JwtAuthenticationFilter (7/13)
2026-04-30T10:07:46.097Z TRACE 14995 --- [    Test worker] o.s.security.web.FilterChainProxy        : Invoking RequestCacheAwareFilter (8/13)
2026-04-30T10:07:46.097Z TRACE 14995 --- [    Test worker] o.s.security.web.FilterChainProxy        : Invoking SecurityContextHolderAwareRequestFilter (9/13)
2026-04-30T10:07:46.097Z TRACE 14995 --- [    Test worker] o.s.security.web.FilterChainProxy        : Invoking AnonymousAuthenticationFilter (10/13)
2026-04-30T10:07:46.097Z TRACE 14995 --- [    Test worker] o.s.security.web.FilterChainProxy        : Invoking SessionManagementFilter (11/13)
2026-04-30T10:07:46.097Z TRACE 14995 --- [    Test worker] .s.s.w.c.SupplierDeferredSecurityContext : Created SecurityContextImpl [Null authentication]
2026-04-30T10:07:46.098Z TRACE 14995 --- [    Test worker] o.s.s.w.a.AnonymousAuthenticationFilter  : Set SecurityContextHolder to AnonymousAuthenticationToken [Principal=anonymousUser, Credentials=[PROTECTED], Authenticated=true, Details=WebAuthenticationDetails [RemoteIpAddress=127.0.0.1, SessionId=null], Granted Authorities=[ROLE_ANONYMOUS]]
2026-04-30T10:07:46.098Z TRACE 14995 --- [    Test worker] o.s.security.web.FilterChainProxy        : Invoking ExceptionTranslationFilter (12/13)
2026-04-30T10:07:46.098Z TRACE 14995 --- [    Test worker] o.s.security.web.FilterChainProxy        : Invoking AuthorizationFilter (13/13)
2026-04-30T10:07:46.098Z TRACE 14995 --- [    Test worker] estMatcherDelegatingAuthorizationManager : Authorizing SecurityContextHolderAwareRequestWrapper[ org.springframework.security.web.header.HeaderWriterFilter$HeaderWriterRequest@4184d960]
2026-04-30T10:07:46.098Z TRACE 14995 --- [    Test worker] estMatcherDelegatingAuthorizationManager : Checking authorization on SecurityContextHolderAwareRequestWrapper[ org.springframework.security.web.header.HeaderWriterFilter$HeaderWriterRequest@4184d960] using org.springframework.security.config.annotation.web.configurers.AuthorizeHttpRequestsConfigurer$$Lambda/0x00007fc290bdec68@70a8c26e
2026-04-30T10:07:46.098Z DEBUG 14995 --- [    Test worker] o.s.security.web.FilterChainProxy        : Secured POST /api/v1/auth/register
Hibernate: select u1_0.id from users u1_0 where u1_0.email=? fetch first ? rows only
Hibernate: insert into users (avatar_url,created_at,email,enabled,first_name,last_name,password,provider,provider_id,role,updated_at,id) values (?,?,?,?,?,?,?,?,?,?,?,default)
2026-04-30T10:07:46.161Z TRACE 14995 --- [    Test worker] o.s.s.w.header.writers.HstsHeaderWriter  : Not injecting HSTS header since it did not match request to [Is Secure]
2026-04-30T10:07:46.164Z TRACE 14995 --- [    Test worker] o.s.security.web.FilterChainProxy        : Trying to match request against DefaultSecurityFilterChain [RequestMatcher=any request, Filters=[org.springframework.security.web.session.DisableEncodeUrlFilter@1d021496, org.springframework.security.web.context.request.async.WebAsyncManagerIntegrationFilter@1dfdddfa, org.springframework.security.web.context.SecurityContextHolderFilter@5f0669d9, org.springframework.security.web.header.HeaderWriterFilter@6e1ece3d, org.springframework.web.filter.CorsFilter@3335713, org.springframework.security.web.authentication.logout.LogoutFilter@56fe2233, by.exam.prep.security.JwtAuthenticationFilter@34dc40d5, org.springframework.security.web.savedrequest.RequestCacheAwareFilter@2da2bc89, org.springframework.security.web.servletapi.SecurityContextHolderAwareRequestFilter@375c6b98, org.springframework.security.web.authentication.AnonymousAuthenticationFilter@3f6b01b, org.springframework.security.web.session.SessionManagementFilter@153740c7, org.springframework.security.web.access.ExceptionTranslationFilter@31e8949d, org.springframework.security.web.access.intercept.AuthorizationFilter@7f8b9fa7]] (1/1)
2026-04-30T10:07:46.164Z DEBUG 14995 --- [    Test worker] o.s.security.web.FilterChainProxy        : Securing POST /api/v1/auth/login
2026-04-30T10:07:46.164Z TRACE 14995 --- [    Test worker] o.s.security.web.FilterChainProxy        : Invoking DisableEncodeUrlFilter (1/13)
2026-04-30T10:07:46.164Z TRACE 14995 --- [    Test worker] o.s.security.web.FilterChainProxy        : Invoking WebAsyncManagerIntegrationFilter (2/13)
2026-04-30T10:07:46.164Z TRACE 14995 --- [    Test worker] o.s.security.web.FilterChainProxy        : Invoking SecurityContextHolderFilter (3/13)
2026-04-30T10:07:46.164Z TRACE 14995 --- [    Test worker] o.s.security.web.FilterChainProxy        : Invoking HeaderWriterFilter (4/13)
2026-04-30T10:07:46.164Z TRACE 14995 --- [    Test worker] o.s.security.web.FilterChainProxy        : Invoking CorsFilter (5/13)
2026-04-30T10:07:46.164Z TRACE 14995 --- [    Test worker] o.s.security.web.FilterChainProxy        : Invoking LogoutFilter (6/13)
2026-04-30T10:07:46.165Z TRACE 14995 --- [    Test worker] o.s.s.w.a.logout.LogoutFilter            : Did not match request to Or [Ant [pattern='/logout', GET], Ant [pattern='/logout', POST], Ant [pattern='/logout', PUT], Ant [pattern='/logout', DELETE]]
2026-04-30T10:07:46.165Z TRACE 14995 --- [    Test worker] o.s.security.web.FilterChainProxy        : Invoking JwtAuthenticationFilter (7/13)
2026-04-30T10:07:46.165Z TRACE 14995 --- [    Test worker] o.s.security.web.FilterChainProxy        : Invoking RequestCacheAwareFilter (8/13)
2026-04-30T10:07:46.165Z TRACE 14995 --- [    Test worker] o.s.security.web.FilterChainProxy        : Invoking SecurityContextHolderAwareRequestFilter (9/13)
2026-04-30T10:07:46.165Z TRACE 14995 --- [    Test worker] o.s.security.web.FilterChainProxy        : Invoking AnonymousAuthenticationFilter (10/13)
2026-04-30T10:07:46.165Z TRACE 14995 --- [    Test worker] o.s.security.web.FilterChainProxy        : Invoking SessionManagementFilter (11/13)
2026-04-30T10:07:46.165Z TRACE 14995 --- [    Test worker] .s.s.w.c.SupplierDeferredSecurityContext : Created SecurityContextImpl [Null authentication]
2026-04-30T10:07:46.165Z TRACE 14995 --- [    Test worker] o.s.s.w.a.AnonymousAuthenticationFilter  : Set SecurityContextHolder to AnonymousAuthenticationToken [Principal=anonymousUser, Credentials=[PROTECTED], Authenticated=true, Details=WebAuthenticationDetails [RemoteIpAddress=127.0.0.1, SessionId=null], Granted Authorities=[ROLE_ANONYMOUS]]
2026-04-30T10:07:46.165Z TRACE 14995 --- [    Test worker] o.s.security.web.FilterChainProxy        : Invoking ExceptionTranslationFilter (12/13)
2026-04-30T10:07:46.165Z TRACE 14995 --- [    Test worker] o.s.security.web.FilterChainProxy        : Invoking AuthorizationFilter (13/13)
2026-04-30T10:07:46.165Z TRACE 14995 --- [    Test worker] estMatcherDelegatingAuthorizationManager : Authorizing SecurityContextHolderAwareRequestWrapper[ org.springframework.security.web.header.HeaderWriterFilter$HeaderWriterRequest@d431f83]
2026-04-30T10:07:46.165Z TRACE 14995 --- [    Test worker] estMatcherDelegatingAuthorizationManager : Checking authorization on SecurityContextHolderAwareRequestWrapper[ org.springframework.security.web.header.HeaderWriterFilter$HeaderWriterRequest@d431f83] using org.springframework.security.config.annotation.web.configurers.AuthorizeHttpRequestsConfigurer$$Lambda/0x00007fc290bdec68@70a8c26e
2026-04-30T10:07:46.166Z DEBUG 14995 --- [    Test worker] o.s.security.web.FilterChainProxy        : Secured POST /api/v1/auth/login
Hibernate: select u1_0.id,u1_0.avatar_url,u1_0.created_at,u1_0.email,u1_0.enabled,u1_0.first_name,u1_0.last_name,u1_0.password,u1_0.provider,u1_0.provider_id,u1_0.role,u1_0.updated_at from users u1_0 where u1_0.email=?
2026-04-30T10:07:46.238Z TRACE 14995 --- [    Test worker] o.s.s.w.header.writers.HstsHeaderWriter  : Not injecting HSTS header since it did not match request to [Is Secure]
2026-04-30T10:07:46.244Z TRACE 14995 --- [    Test worker] o.s.security.web.FilterChainProxy        : Trying to match request against DefaultSecurityFilterChain [RequestMatcher=any request, Filters=[org.springframework.security.web.session.DisableEncodeUrlFilter@1d021496, org.springframework.security.web.context.request.async.WebAsyncManagerIntegrationFilter@1dfdddfa, org.springframework.security.web.context.SecurityContextHolderFilter@5f0669d9, org.springframework.security.web.header.HeaderWriterFilter@6e1ece3d, org.springframework.web.filter.CorsFilter@3335713, org.springframework.security.web.authentication.logout.LogoutFilter@56fe2233, by.exam.prep.security.JwtAuthenticationFilter@34dc40d5, org.springframework.security.web.savedrequest.RequestCacheAwareFilter@2da2bc89, org.springframework.security.web.servletapi.SecurityContextHolderAwareRequestFilter@375c6b98, org.springframework.security.web.authentication.AnonymousAuthenticationFilter@3f6b01b, org.springframework.security.web.session.SessionManagementFilter@153740c7, org.springframework.security.web.access.ExceptionTranslationFilter@31e8949d, org.springframework.security.web.access.intercept.AuthorizationFilter@7f8b9fa7]] (1/1)
2026-04-30T10:07:46.244Z DEBUG 14995 --- [    Test worker] o.s.security.web.FilterChainProxy        : Securing POST /api/v1/auth/login
2026-04-30T10:07:46.244Z TRACE 14995 --- [    Test worker] o.s.security.web.FilterChainProxy        : Invoking DisableEncodeUrlFilter (1/13)
2026-04-30T10:07:46.245Z TRACE 14995 --- [    Test worker] o.s.security.web.FilterChainProxy        : Invoking WebAsyncManagerIntegrationFilter (2/13)
2026-04-30T10:07:46.245Z TRACE 14995 --- [    Test worker] o.s.security.web.FilterChainProxy        : Invoking SecurityContextHolderFilter (3/13)
2026-04-30T10:07:46.245Z TRACE 14995 --- [    Test worker] o.s.security.web.FilterChainProxy        : Invoking HeaderWriterFilter (4/13)
2026-04-30T10:07:46.245Z TRACE 14995 --- [    Test worker] o.s.security.web.FilterChainProxy        : Invoking CorsFilter (5/13)
2026-04-30T10:07:46.245Z TRACE 14995 --- [    Test worker] o.s.security.web.FilterChainProxy        : Invoking LogoutFilter (6/13)
2026-04-30T10:07:46.245Z TRACE 14995 --- [    Test worker] o.s.s.w.a.logout.LogoutFilter            : Did not match request to Or [Ant [pattern='/logout', GET], Ant [pattern='/logout', POST], Ant [pattern='/logout', PUT], Ant [pattern='/logout', DELETE]]
2026-04-30T10:07:46.245Z TRACE 14995 --- [    Test worker] o.s.security.web.FilterChainProxy        : Invoking JwtAuthenticationFilter (7/13)
2026-04-30T10:07:46.245Z TRACE 14995 --- [    Test worker] o.s.security.web.FilterChainProxy        : Invoking RequestCacheAwareFilter (8/13)
2026-04-30T10:07:46.245Z TRACE 14995 --- [    Test worker] o.s.security.web.FilterChainProxy        : Invoking SecurityContextHolderAwareRequestFilter (9/13)
2026-04-30T10:07:46.246Z TRACE 14995 --- [    Test worker] o.s.security.web.FilterChainProxy        : Invoking AnonymousAuthenticationFilter (10/13)
2026-04-30T10:07:46.246Z TRACE 14995 --- [    Test worker] o.s.security.web.FilterChainProxy        : Invoking SessionManagementFilter (11/13)
2026-04-30T10:07:46.246Z TRACE 14995 --- [    Test worker] .s.s.w.c.SupplierDeferredSecurityContext : Created SecurityContextImpl [Null authentication]
2026-04-30T10:07:46.246Z TRACE 14995 --- [    Test worker] o.s.s.w.a.AnonymousAuthenticationFilter  : Set SecurityContextHolder to AnonymousAuthenticationToken [Principal=anonymousUser, Credentials=[PROTECTED], Authenticated=true, Details=WebAuthenticationDetails [RemoteIpAddress=127.0.0.1, SessionId=null], Granted Authorities=[ROLE_ANONYMOUS]]
2026-04-30T10:07:46.246Z TRACE 14995 --- [    Test worker] o.s.security.web.FilterChainProxy        : Invoking ExceptionTranslationFilter (12/13)
2026-04-30T10:07:46.246Z TRACE 14995 --- [    Test worker] o.s.security.web.FilterChainProxy        : Invoking AuthorizationFilter (13/13)
2026-04-30T10:07:46.246Z TRACE 14995 --- [    Test worker] estMatcherDelegatingAuthorizationManager : Authorizing SecurityContextHolderAwareRequestWrapper[ org.springframework.security.web.header.HeaderWriterFilter$HeaderWriterRequest@16013989]
2026-04-30T10:07:46.246Z TRACE 14995 --- [    Test worker] estMatcherDelegatingAuthorizationManager : Checking authorization on SecurityContextHolderAwareRequestWrapper[ org.springframework.security.web.header.HeaderWriterFilter$HeaderWriterRequest@16013989] using org.springframework.security.config.annotation.web.configurers.AuthorizeHttpRequestsConfigurer$$Lambda/0x00007fc290bdec68@70a8c26e
2026-04-30T10:07:46.246Z DEBUG 14995 --- [    Test worker] o.s.security.web.FilterChainProxy        : Secured POST /api/v1/auth/login
Hibernate: select u1_0.id,u1_0.avatar_url,u1_0.created_at,u1_0.email,u1_0.enabled,u1_0.first_name,u1_0.last_name,u1_0.password,u1_0.provider,u1_0.provider_id,u1_0.role,u1_0.updated_at from users u1_0 where u1_0.email=?
2026-04-30T10:07:46.249Z TRACE 14995 --- [    Test worker] o.s.s.w.header.writers.HstsHeaderWriter  : Not injecting HSTS header since it did not match request to [Is Secure]
]]></system-out>
  <system-err><![CDATA[WARNING: A Java agent has been loaded dynamically (/root/.gradle/caches/modules-2/files-2.1/net.bytebuddy/byte-buddy-agent/1.14.13/979ce25f7d3096a2e82214ba7dc972a05ce7a171/byte-buddy-agent-1.14.13.jar)
WARNING: If a serviceability tool is in use, please run with -XX:+EnableDynamicAgentLoading to hide this warning
WARNING: If a serviceability tool is not in use, please run with -Djdk.instrument.traceUsage for more information
WARNING: Dynamic loading of agents will be disallowed by default in a future release
]]></system-err>
</testsuite>
